<?xml version="1.0" encoding="UTF-8"?>
<!-- Generated by org.testng.reporters.JUnitXMLReporter -->
<testsuite ignored="0" hostname="Shiva" failures="0" tests="4" name="Default test" time="58.764" errors="0" timestamp="2024-08-19T13:16:57 IST">
  <testcase classname="selenium.PageObjModel.MainClassToBeCoverted" name="submitOrder" time="4.377"/>
  <testcase classname="selenium.PageObjModel.MainClassToBeCoverted" name="submitOrder" time="10.072"/>
  <testcase classname="selenium.PageObjModel.MainClassToBeCoverted" name="checkInOrders" time="0.59"/>
  <testcase classname="selenium.PageObjModel.MainClassToBeCoverted" name="checkInOrders" time="0.564"/>
</testsuite> <!-- Default test -->
